<?xml version="1.0" encoding="UTF-8"?>
<testsuite xmlns:xsi="http://www.w3.org/2001/XMLSchema-instance" xsi:noNamespaceSchemaLocation="https://maven.apache.org/surefire/maven-surefire-plugin/xsd/surefire-test-report-3.0.xsd" version="3.0" name="eu.jpereira.trainings.designpatterns.creational.singleton.ReportBuilderTest" time="1.241" tests="3" errors="0" skipped="0" failures="1">
  <properties>
[...]
</properties>
  <testcase name="testGetSingleton" classname="eu.jpereira.trainings.designpatterns.creational.singleton.ReportBuilderTest" time="0.767">
    <system-out><![CDATA[Getting instance for Thread 1
Instance is null for Thread 1
Returing 439904756 instance to Thread 1
]]></system-out>
  </testcase>
  <testcase name="testMultiThreading" classname="eu.jpereira.trainings.designpatterns.creational.singleton.ReportBuilderTest" time="0.271">
    <failure message="expected:&lt;eu.jpereira.trainings.designpatterns.creational.singleton.ReportBuilder@2005f75&gt; but was:&lt;eu.jpereira.trainings.designpatterns.creational.singleton.ReportBuilder@5fab9cb7&gt;" type="java.lang.AssertionError"><![CDATA[java.lang.AssertionError: expected:<eu.jpereira.trainings.designpatterns.creational.singleton.ReportBuilder@2005f75> but was:<eu.jpereira.trainings.designpatterns.creational.singleton.ReportBuilder@5fab9cb7>
	at org.junit.Assert.fail(Assert.java:89)
	at org.junit.Assert.failNotEquals(Assert.java:835)
	at org.junit.Assert.assertEquals(Assert.java:120)
	at org.junit.Assert.assertEquals(Assert.java:146)
	at eu.jpereira.trainings.designpatterns.creational.singleton.ReportBuilderTest.testMultiThreading(ReportBuilderTest.java:72)
	at java.base/jdk.internal.reflect.DirectMethodHandleAccessor.invoke(DirectMethodHandleAccessor.java:103)
	at java.base/java.lang.reflect.Method.invoke(Method.java:580)
	at org.junit.runners.model.FrameworkMethod$1.runReflectiveCall(FrameworkMethod.java:59)
	at org.junit.internal.runners.model.ReflectiveCallable.run(ReflectiveCallable.java:12)
	at org.junit.runners.model.FrameworkMethod.invokeExplosively(FrameworkMethod.java:56)
	at org.junit.internal.runners.statements.InvokeMethod.evaluate(InvokeMethod.java:17)
	at org.junit.internal.runners.statements.RunBefores.evaluate(RunBefores.java:26)
	at org.junit.runners.ParentRunner$3.evaluate(ParentRunner.java:306)
	at org.junit.runners.BlockJUnit4ClassRunner$1.evaluate(BlockJUnit4ClassRunner.java:100)
	at org.junit.runners.ParentRunner.runLeaf(ParentRunner.java:366)
	at org.junit.runners.BlockJUnit4ClassRunner.runChild(BlockJUnit4ClassRunner.java:103)
	at org.junit.runners.BlockJUnit4ClassRunner.runChild(BlockJUnit4ClassRunner.java:63)
	at org.junit.runners.ParentRunner$4.run(ParentRunner.java:331)
	at org.junit.runners.ParentRunner$1.schedule(ParentRunner.java:79)
	at org.junit.runners.ParentRunner.runChildren(ParentRunner.java:329)
	at org.junit.runners.ParentRunner.access$100(ParentRunner.java:66)
	at org.junit.runners.ParentRunner$2.evaluate(ParentRunner.java:293)
	at org.junit.runners.ParentRunner$3.evaluate(ParentRunner.java:306)
	at org.junit.runners.ParentRunner.run(ParentRunner.java:413)
	at org.apache.maven.surefire.junit4.JUnit4Provider.execute(JUnit4Provider.java:316)
	at org.apache.maven.surefire.junit4.JUnit4Provider.executeWithRerun(JUnit4Provider.java:240)
	at org.apache.maven.surefire.junit4.JUnit4Provider.executeTestSet(JUnit4Provider.java:214)
	at org.apache.maven.surefire.junit4.JUnit4Provider.invoke(JUnit4Provider.java:155)
	at org.apache.maven.surefire.booter.ForkedBooter.runSuitesInProcess(ForkedBooter.java:385)
	at org.apache.maven.surefire.booter.ForkedBooter.execute(ForkedBooter.java:162)
	at org.apache.maven.surefire.booter.ForkedBooter.run(ForkedBooter.java:507)
	at org.apache.maven.surefire.booter.ForkedBooter.main(ForkedBooter.java:495)
]]></failure>
    <system-out><![CDATA[Getting instance for Thread 25
Instance is null for Thread 25
Getting instance for Thread 26
Instance is null for Thread 26
Getting instance for Thread 27
Instance is null for Thread 27
Getting instance for Thread 28
Instance is null for Thread 28
Getting instance for Thread 29
Instance is null for Thread 29
Getting instance for Thread 30
Instance is null for Thread 30
Getting instance for Thread 31
Instance is null for Thread 31
Getting instance for Thread 32
Instance is null for Thread 32
Getting instance for Thread 33
Instance is null for Thread 33
Getting instance for Thread 34
Instance is null for Thread 34
Returing 33578869 instance to Thread 25
Thread 25 died!
Returing 1605082295 instance to Thread 27
Returing 1021640118 instance to Thread 28
Returing 1227699052 instance to Thread 32
Returing 205328064 instance to Thread 33
Returing 2067773424 instance to Thread 34
Returing 2084593780 instance to Thread 29
Returing 560149929 instance to Thread 31
Returing 560149929 instance to Thread 26
Returing 391180428 instance to Thread 30
Thread 26 died!
Thread 27 died!
Thread 28 died!
Thread 29 died!
Thread 30 died!
Thread 31 died!
Thread 32 died!
Thread 33 died!
Thread 34 died!
]]></system-out>
  </testcase>
  <testcase name="measureInitializeTime" classname="eu.jpereira.trainings.designpatterns.creational.singleton.ReportBuilderTest" time="0.115">
    <system-out><![CDATA[Getting instance for Thread 1
Instance is null for Thread 1
Returing 1693847660 instance to Thread 1
First call took: 117 ms
Getting instance for Thread 1
Second call took: 0 ms
]]></system-out>
  </testcase>
</testsuite>